#-----------------------------------------------------------
# Vivado v2020.2 (64-bit)
# SW Build 3064766 on Wed Nov 18 09:12:45 MST 2020
# IP Build 3064653 on Wed Nov 18 14:17:31 MST 2020
# Start of session at: Tue Dec 21 23:06:10 2021
# Process ID: 5504
# Current directory: C:/FPGA/109511117project2
# Command line: vivado.exe -gui_launcher_event rodinguilauncherevent11944 C:\FPGA\109511117project2\109511117project2.xpr
# Log file: C:/FPGA/109511117project2/vivado.log
# Journal file: C:/FPGA/109511117project2\vivado.jou
#-----------------------------------------------------------
start_gui
open_project C:/FPGA/109511117project2/109511117project2.xpr
Scanning sources...
Finished scanning sources
INFO: [IP_Flow 19-234] Refreshing IP repositories
INFO: [IP_Flow 19-1704] No user IP repositories specified
INFO: [IP_Flow 19-2313] Loaded Vivado IP repository 'C:/Xilinx/Vivado/2020.2/data/ip'.
open_project: Time (s): cpu = 00:00:20 ; elapsed = 00:00:08 . Memory (MB): peak = 1017.953 ; gain = 0.000
update_compile_order -fileset sources_1
exit
INFO: [Common 17-206] Exiting Vivado at Tue Dec 21 23:14:14 2021...
